[2026-05-24 14:49:52] laravel.EMERGENCY: Unable to create configured logger. Using emergency logger. {"exception":"[object] (InvalidArgumentException(code: 0): Log [] is not defined. at D:\\SmartFinanceDashboard\\vendor\\laravel\\framework\\src\\Illuminate\\Log\\LogManager.php:210)
[stacktrace]
#0 D:\\SmartFinanceDashboard\\vendor\\laravel\\framework\\src\\Illuminate\\Log\\LogManager.php(135): Illuminate\\Log\\LogManager->resolve(NULL, NULL)
#1 D:\\SmartFinanceDashboard\\vendor\\laravel\\framework\\src\\Illuminate\\Log\\LogManager.php(122): Illuminate\\Log\\LogManager->get(NULL)
#2 D:\\SmartFinanceDashboard\\vendor\\laravel\\framework\\src\\Illuminate\\Log\\LogManager.php(645): Illuminate\\Log\\LogManager->driver()
#3 D:\\SmartFinanceDashboard\\vendor\\laravel\\framework\\src\\Illuminate\\Foundation\\Exceptions\\Handler.php(274): Illuminate\\Log\\LogManager->error('Class \"Pdo\\\\Mysq...', Array)
#4 D:\\SmartFinanceDashboard\\vendor\\laravel\\framework\\src\\Illuminate\\Foundation\\Console\\Kernel.php(454): Illuminate\\Foundation\\Exceptions\\Handler->report(Object(Error))
#5 D:\\SmartFinanceDashboard\\vendor\\laravel\\framework\\src\\Illuminate\\Foundation\\Console\\Kernel.php(157): Illuminate\\Foundation\\Console\\Kernel->reportException(Object(Error))
#6 D:\\SmartFinanceDashboard\\artisan(35): Illuminate\\Foundation\\Console\\Kernel->handle(Object(Symfony\\Component\\Console\\Input\\ArgvInput), Object(Symfony\\Component\\Console\\Output\\ConsoleOutput))
#7 {main}
"} 
[2026-05-24 14:49:52] laravel.ERROR: Class "Pdo\Mysql" not found {"exception":"[object] (Error(code: 0): Class \"Pdo\\Mysql\" not found at D:\\SmartFinanceDashboard\\config\\database.php:63)
[stacktrace]
#0 D:\\SmartFinanceDashboard\\vendor\\laravel\\framework\\src\\Illuminate\\Foundation\\Bootstrap\\LoadConfiguration.php(70): require()
#1 D:\\SmartFinanceDashboard\\vendor\\laravel\\framework\\src\\Illuminate\\Foundation\\Bootstrap\\LoadConfiguration.php(39): Illuminate\\Foundation\\Bootstrap\\LoadConfiguration->loadConfigurationFiles(Object(Illuminate\\Foundation\\Application), Object(Illuminate\\Config\\Repository))
#2 D:\\SmartFinanceDashboard\\vendor\\laravel\\framework\\src\\Illuminate\\Foundation\\Application.php(265): Illuminate\\Foundation\\Bootstrap\\LoadConfiguration->bootstrap(Object(Illuminate\\Foundation\\Application))
#3 D:\\SmartFinanceDashboard\\vendor\\laravel\\framework\\src\\Illuminate\\Foundation\\Console\\Kernel.php(383): Illuminate\\Foundation\\Application->bootstrapWith(Array)
#4 D:\\SmartFinanceDashboard\\vendor\\laravel\\framework\\src\\Illuminate\\Foundation\\Console\\Kernel.php(153): Illuminate\\Foundation\\Console\\Kernel->bootstrap()
#5 D:\\SmartFinanceDashboard\\artisan(35): Illuminate\\Foundation\\Console\\Kernel->handle(Object(Symfony\\Component\\Console\\Input\\ArgvInput), Object(Symfony\\Component\\Console\\Output\\ConsoleOutput))
#6 {main}
"} 
[2026-05-24 14:50:07] laravel.EMERGENCY: Unable to create configured logger. Using emergency logger. {"exception":"[object] (InvalidArgumentException(code: 0): Log [] is not defined. at D:\\SmartFinanceDashboard\\vendor\\laravel\\framework\\src\\Illuminate\\Log\\LogManager.php:210)
[stacktrace]
#0 D:\\SmartFinanceDashboard\\vendor\\laravel\\framework\\src\\Illuminate\\Log\\LogManager.php(135): Illuminate\\Log\\LogManager->resolve(NULL, NULL)
#1 D:\\SmartFinanceDashboard\\vendor\\laravel\\framework\\src\\Illuminate\\Log\\LogManager.php(122): Illuminate\\Log\\LogManager->get(NULL)
#2 D:\\SmartFinanceDashboard\\vendor\\laravel\\framework\\src\\Illuminate\\Log\\LogManager.php(645): Illuminate\\Log\\LogManager->driver()
#3 D:\\SmartFinanceDashboard\\vendor\\laravel\\framework\\src\\Illuminate\\Foundation\\Exceptions\\Handler.php(274): Illuminate\\Log\\LogManager->error('Class \"Pdo\\\\Mysq...', Array)
#4 D:\\SmartFinanceDashboard\\vendor\\laravel\\framework\\src\\Illuminate\\Foundation\\Console\\Kernel.php(454): Illuminate\\Foundation\\Exceptions\\Handler->report(Object(Error))
#5 D:\\SmartFinanceDashboard\\vendor\\laravel\\framework\\src\\Illuminate\\Foundation\\Console\\Kernel.php(157): Illuminate\\Foundation\\Console\\Kernel->reportException(Object(Error))
#6 D:\\SmartFinanceDashboard\\artisan(35): Illuminate\\Foundation\\Console\\Kernel->handle(Object(Symfony\\Component\\Console\\Input\\ArgvInput), Object(Symfony\\Component\\Console\\Output\\ConsoleOutput))
#7 {main}
"} 
[2026-05-24 14:50:07] laravel.ERROR: Class "Pdo\Mysql" not found {"exception":"[object] (Error(code: 0): Class \"Pdo\\Mysql\" not found at D:\\SmartFinanceDashboard\\config\\database.php:63)
[stacktrace]
#0 D:\\SmartFinanceDashboard\\vendor\\laravel\\framework\\src\\Illuminate\\Foundation\\Bootstrap\\LoadConfiguration.php(70): require()
#1 D:\\SmartFinanceDashboard\\vendor\\laravel\\framework\\src\\Illuminate\\Foundation\\Bootstrap\\LoadConfiguration.php(39): Illuminate\\Foundation\\Bootstrap\\LoadConfiguration->loadConfigurationFiles(Object(Illuminate\\Foundation\\Application), Object(Illuminate\\Config\\Repository))
#2 D:\\SmartFinanceDashboard\\vendor\\laravel\\framework\\src\\Illuminate\\Foundation\\Application.php(265): Illuminate\\Foundation\\Bootstrap\\LoadConfiguration->bootstrap(Object(Illuminate\\Foundation\\Application))
#3 D:\\SmartFinanceDashboard\\vendor\\laravel\\framework\\src\\Illuminate\\Foundation\\Console\\Kernel.php(383): Illuminate\\Foundation\\Application->bootstrapWith(Array)
#4 D:\\SmartFinanceDashboard\\vendor\\laravel\\framework\\src\\Illuminate\\Foundation\\Console\\Kernel.php(153): Illuminate\\Foundation\\Console\\Kernel->bootstrap()
#5 D:\\SmartFinanceDashboard\\artisan(35): Illuminate\\Foundation\\Console\\Kernel->handle(Object(Symfony\\Component\\Console\\Input\\ArgvInput), Object(Symfony\\Component\\Console\\Output\\ConsoleOutput))
#6 {main}
"} 
[2026-05-24 12:50:57] local.ERROR: There are no commands defined in the "key" namespace. {"exception":"[object] (Symfony\\Component\\Console\\Exception\\NamespaceNotFoundException(code: 0): There are no commands defined in the \"key\" namespace. at D:\\SmartFinanceDashboard\\vendor\\symfony\\console\\Application.php:678)
[stacktrace]
#0 D:\\SmartFinanceDashboard\\vendor\\symfony\\console\\Application.php(729): Symfony\\Component\\Console\\Application->findNamespace('key')
#1 D:\\SmartFinanceDashboard\\vendor\\symfony\\console\\Application.php(266): Symfony\\Component\\Console\\Application->find('key:generate')
#2 D:\\SmartFinanceDashboard\\vendor\\symfony\\console\\Application.php(175): Symfony\\Component\\Console\\Application->doRun(Object(Symfony\\Component\\Console\\Input\\ArgvInput), Object(Symfony\\Component\\Console\\Output\\ConsoleOutput))
#3 D:\\SmartFinanceDashboard\\vendor\\laravel\\framework\\src\\Illuminate\\Console\\Application.php(102): Symfony\\Component\\Console\\Application->run(Object(Symfony\\Component\\Console\\Input\\ArgvInput), Object(Symfony\\Component\\Console\\Output\\ConsoleOutput))
#4 D:\\SmartFinanceDashboard\\vendor\\laravel\\framework\\src\\Illuminate\\Foundation\\Console\\Kernel.php(155): Illuminate\\Console\\Application->run(Object(Symfony\\Component\\Console\\Input\\ArgvInput), Object(Symfony\\Component\\Console\\Output\\ConsoleOutput))
#5 D:\\SmartFinanceDashboard\\artisan(35): Illuminate\\Foundation\\Console\\Kernel->handle(Object(Symfony\\Component\\Console\\Input\\ArgvInput), Object(Symfony\\Component\\Console\\Output\\ConsoleOutput))
#6 {main}
"} 
[2026-05-24 12:52:24] local.ERROR: Command "serve" is not defined. {"exception":"[object] (Symfony\\Component\\Console\\Exception\\CommandNotFoundException(code: 0): Command \"serve\" is not defined. at D:\\SmartFinanceDashboard\\vendor\\symfony\\console\\Application.php:745)
[stacktrace]
#0 D:\\SmartFinanceDashboard\\vendor\\symfony\\console\\Application.php(266): Symfony\\Component\\Console\\Application->find('serve')
#1 D:\\SmartFinanceDashboard\\vendor\\symfony\\console\\Application.php(175): Symfony\\Component\\Console\\Application->doRun(Object(Symfony\\Component\\Console\\Input\\ArgvInput), Object(Symfony\\Component\\Console\\Output\\ConsoleOutput))
#2 D:\\SmartFinanceDashboard\\vendor\\laravel\\framework\\src\\Illuminate\\Console\\Application.php(102): Symfony\\Component\\Console\\Application->run(Object(Symfony\\Component\\Console\\Input\\ArgvInput), Object(Symfony\\Component\\Console\\Output\\ConsoleOutput))
#3 D:\\SmartFinanceDashboard\\vendor\\laravel\\framework\\src\\Illuminate\\Foundation\\Console\\Kernel.php(155): Illuminate\\Console\\Application->run(Object(Symfony\\Component\\Console\\Input\\ArgvInput), Object(Symfony\\Component\\Console\\Output\\ConsoleOutput))
#4 D:\\SmartFinanceDashboard\\artisan(35): Illuminate\\Foundation\\Console\\Kernel->handle(Object(Symfony\\Component\\Console\\Input\\ArgvInput), Object(Symfony\\Component\\Console\\Output\\ConsoleOutput))
#5 {main}
"} 
[2026-05-25 12:34:06] local.ERROR: Command "serve" is not defined. {"exception":"[object] (Symfony\\Component\\Console\\Exception\\CommandNotFoundException(code: 0): Command \"serve\" is not defined. at D:\\SmartFinanceDashboard\\vendor\\symfony\\console\\Application.php:745)
[stacktrace]
#0 D:\\SmartFinanceDashboard\\vendor\\symfony\\console\\Application.php(266): Symfony\\Component\\Console\\Application->find('serve')
#1 D:\\SmartFinanceDashboard\\vendor\\symfony\\console\\Application.php(175): Symfony\\Component\\Console\\Application->doRun(Object(Symfony\\Component\\Console\\Input\\ArgvInput), Object(Symfony\\Component\\Console\\Output\\ConsoleOutput))
#2 D:\\SmartFinanceDashboard\\vendor\\laravel\\framework\\src\\Illuminate\\Console\\Application.php(102): Symfony\\Component\\Console\\Application->run(Object(Symfony\\Component\\Console\\Input\\ArgvInput), Object(Symfony\\Component\\Console\\Output\\ConsoleOutput))
#3 D:\\SmartFinanceDashboard\\vendor\\laravel\\framework\\src\\Illuminate\\Foundation\\Console\\Kernel.php(155): Illuminate\\Console\\Application->run(Object(Symfony\\Component\\Console\\Input\\ArgvInput), Object(Symfony\\Component\\Console\\Output\\ConsoleOutput))
#4 D:\\SmartFinanceDashboard\\artisan(35): Illuminate\\Foundation\\Console\\Kernel->handle(Object(Symfony\\Component\\Console\\Input\\ArgvInput), Object(Symfony\\Component\\Console\\Output\\ConsoleOutput))
#5 {main}
"} 
[2026-05-25 12:37:23] local.ERROR: Class "App\Providers\AuthServiceProvider" not found {"exception":"[object] (Error(code: 0): Class \"App\\Providers\\AuthServiceProvider\" not found at D:\\SmartFinanceDashboard\\vendor\\laravel\\framework\\src\\Illuminate\\Foundation\\ProviderRepository.php:206)
[stacktrace]
#0 D:\\SmartFinanceDashboard\\vendor\\laravel\\framework\\src\\Illuminate\\Foundation\\ProviderRepository.php(142): Illuminate\\Foundation\\ProviderRepository->createProvider('App\\\\Providers\\\\A...')
#1 D:\\SmartFinanceDashboard\\vendor\\laravel\\framework\\src\\Illuminate\\Foundation\\ProviderRepository.php(61): Illuminate\\Foundation\\ProviderRepository->compileManifest(Array)
#2 D:\\SmartFinanceDashboard\\vendor\\laravel\\framework\\src\\Illuminate\\Foundation\\Application.php(689): Illuminate\\Foundation\\ProviderRepository->load(Array)
#3 D:\\SmartFinanceDashboard\\vendor\\laravel\\framework\\src\\Illuminate\\Foundation\\Bootstrap\\RegisterProviders.php(17): Illuminate\\Foundation\\Application->registerConfiguredProviders()
#4 D:\\SmartFinanceDashboard\\vendor\\laravel\\framework\\src\\Illuminate\\Foundation\\Application.php(265): Illuminate\\Foundation\\Bootstrap\\RegisterProviders->bootstrap(Object(Illuminate\\Foundation\\Application))
#5 D:\\SmartFinanceDashboard\\vendor\\laravel\\framework\\src\\Illuminate\\Foundation\\Console\\Kernel.php(383): Illuminate\\Foundation\\Application->bootstrapWith(Array)
#6 D:\\SmartFinanceDashboard\\vendor\\laravel\\framework\\src\\Illuminate\\Foundation\\Console\\Kernel.php(153): Illuminate\\Foundation\\Console\\Kernel->bootstrap()
#7 D:\\SmartFinanceDashboard\\artisan(35): Illuminate\\Foundation\\Console\\Kernel->handle(Object(Symfony\\Component\\Console\\Input\\ArgvInput), Object(Symfony\\Component\\Console\\Output\\ConsoleOutput))
#8 {main}
"} 
[2026-05-25 12:38:31] local.ERROR: Target class [files] does not exist. {"exception":"[object] (Illuminate\\Contracts\\Container\\BindingResolutionException(code: 0): Target class [files] does not exist. at D:\\SmartFinanceDashboard\\vendor\\laravel\\framework\\src\\Illuminate\\Container\\Container.php:891)
[stacktrace]
#0 D:\\SmartFinanceDashboard\\vendor\\laravel\\framework\\src\\Illuminate\\Container\\Container.php(770): Illuminate\\Container\\Container->build('files')
#1 D:\\SmartFinanceDashboard\\vendor\\laravel\\framework\\src\\Illuminate\\Foundation\\Application.php(881): Illuminate\\Container\\Container->resolve('files', Array, true)
#2 D:\\SmartFinanceDashboard\\vendor\\laravel\\framework\\src\\Illuminate\\Container\\Container.php(706): Illuminate\\Foundation\\Application->resolve('files', Array)
#3 D:\\SmartFinanceDashboard\\vendor\\laravel\\framework\\src\\Illuminate\\Foundation\\Application.php(866): Illuminate\\Container\\Container->make('files', Array)
#4 D:\\SmartFinanceDashboard\\vendor\\laravel\\framework\\src\\Illuminate\\Container\\Container.php(1431): Illuminate\\Foundation\\Application->make('files')
#5 D:\\SmartFinanceDashboard\\vendor\\laravel\\framework\\src\\Illuminate\\Foundation\\Application.php(1091): Illuminate\\Container\\Container->offsetGet('files')
#6 D:\\SmartFinanceDashboard\\vendor\\laravel\\framework\\src\\Illuminate\\Foundation\\Support\\Providers\\EventServiceProvider.php(85): Illuminate\\Foundation\\Application->eventsAreCached()
#7 D:\\SmartFinanceDashboard\\vendor\\laravel\\framework\\src\\Illuminate\\Foundation\\Support\\Providers\\EventServiceProvider.php(40): Illuminate\\Foundation\\Support\\Providers\\EventServiceProvider->getEvents()
#8 D:\\SmartFinanceDashboard\\vendor\\laravel\\framework\\src\\Illuminate\\Container\\BoundMethod.php(36): Illuminate\\Foundation\\Support\\Providers\\EventServiceProvider->Illuminate\\Foundation\\Support\\Providers\\{closure}()
#9 D:\\SmartFinanceDashboard\\vendor\\laravel\\framework\\src\\Illuminate\\Container\\Util.php(41): Illuminate\\Container\\BoundMethod::Illuminate\\Container\\{closure}()
#10 D:\\SmartFinanceDashboard\\vendor\\laravel\\framework\\src\\Illuminate\\Container\\BoundMethod.php(81): Illuminate\\Container\\Util::unwrapIfClosure(Object(Closure))
#11 D:\\SmartFinanceDashboard\\vendor\\laravel\\framework\\src\\Illuminate\\Container\\BoundMethod.php(35): Illuminate\\Container\\BoundMethod::callBoundMethod(Object(Illuminate\\Foundation\\Application), Object(Closure), Object(Closure))
#12 D:\\SmartFinanceDashboard\\vendor\\laravel\\framework\\src\\Illuminate\\Container\\Container.php(661): Illuminate\\Container\\BoundMethod::call(Object(Illuminate\\Foundation\\Application), Object(Closure), Array, NULL)
#13 D:\\SmartFinanceDashboard\\vendor\\laravel\\framework\\src\\Illuminate\\Support\\ServiceProvider.php(103): Illuminate\\Container\\Container->call(Object(Closure))
#14 D:\\SmartFinanceDashboard\\vendor\\laravel\\framework\\src\\Illuminate\\Foundation\\Application.php(951): Illuminate\\Support\\ServiceProvider->callBootingCallbacks()
#15 D:\\SmartFinanceDashboard\\vendor\\laravel\\framework\\src\\Illuminate\\Foundation\\Application.php(935): Illuminate\\Foundation\\Application->bootProvider(Object(App\\Providers\\EventServiceProvider))
#16 [internal function]: Illuminate\\Foundation\\Application->Illuminate\\Foundation\\{closure}(Object(App\\Providers\\EventServiceProvider), 13)
#17 D:\\SmartFinanceDashboard\\vendor\\laravel\\framework\\src\\Illuminate\\Foundation\\Application.php(934): array_walk(Array, Object(Closure))
#18 D:\\SmartFinanceDashboard\\vendor\\laravel\\framework\\src\\Illuminate\\Foundation\\Bootstrap\\BootProviders.php(17): Illuminate\\Foundation\\Application->boot()
#19 D:\\SmartFinanceDashboard\\vendor\\laravel\\framework\\src\\Illuminate\\Foundation\\Application.php(265): Illuminate\\Foundation\\Bootstrap\\BootProviders->bootstrap(Object(Illuminate\\Foundation\\Application))
#20 D:\\SmartFinanceDashboard\\vendor\\laravel\\framework\\src\\Illuminate\\Foundation\\Console\\Kernel.php(383): Illuminate\\Foundation\\Application->bootstrapWith(Array)
#21 D:\\SmartFinanceDashboard\\vendor\\laravel\\framework\\src\\Illuminate\\Foundation\\Console\\Kernel.php(153): Illuminate\\Foundation\\Console\\Kernel->bootstrap()
#22 D:\\SmartFinanceDashboard\\artisan(35): Illuminate\\Foundation\\Console\\Kernel->handle(Object(Symfony\\Component\\Console\\Input\\ArgvInput), Object(Symfony\\Component\\Console\\Output\\ConsoleOutput))
#23 {main}

[previous exception] [object] (ReflectionException(code: -1): Class \"files\" does not exist at D:\\SmartFinanceDashboard\\vendor\\laravel\\framework\\src\\Illuminate\\Container\\Container.php:889)
[stacktrace]
#0 D:\\SmartFinanceDashboard\\vendor\\laravel\\framework\\src\\Illuminate\\Container\\Container.php(889): ReflectionClass->__construct('files')
#1 D:\\SmartFinanceDashboard\\vendor\\laravel\\framework\\src\\Illuminate\\Container\\Container.php(770): Illuminate\\Container\\Container->build('files')
#2 D:\\SmartFinanceDashboard\\vendor\\laravel\\framework\\src\\Illuminate\\Foundation\\Application.php(881): Illuminate\\Container\\Container->resolve('files', Array, true)
#3 D:\\SmartFinanceDashboard\\vendor\\laravel\\framework\\src\\Illuminate\\Container\\Container.php(706): Illuminate\\Foundation\\Application->resolve('files', Array)
#4 D:\\SmartFinanceDashboard\\vendor\\laravel\\framework\\src\\Illuminate\\Foundation\\Application.php(866): Illuminate\\Container\\Container->make('files', Array)
#5 D:\\SmartFinanceDashboard\\vendor\\laravel\\framework\\src\\Illuminate\\Container\\Container.php(1431): Illuminate\\Foundation\\Application->make('files')
#6 D:\\SmartFinanceDashboard\\vendor\\laravel\\framework\\src\\Illuminate\\Foundation\\Application.php(1091): Illuminate\\Container\\Container->offsetGet('files')
#7 D:\\SmartFinanceDashboard\\vendor\\laravel\\framework\\src\\Illuminate\\Foundation\\Support\\Providers\\EventServiceProvider.php(85): Illuminate\\Foundation\\Application->eventsAreCached()
#8 D:\\SmartFinanceDashboard\\vendor\\laravel\\framework\\src\\Illuminate\\Foundation\\Support\\Providers\\EventServiceProvider.php(40): Illuminate\\Foundation\\Support\\Providers\\EventServiceProvider->getEvents()
#9 D:\\SmartFinanceDashboard\\vendor\\laravel\\framework\\src\\Illuminate\\Container\\BoundMethod.php(36): Illuminate\\Foundation\\Support\\Providers\\EventServiceProvider->Illuminate\\Foundation\\Support\\Providers\\{closure}()
#10 D:\\SmartFinanceDashboard\\vendor\\laravel\\framework\\src\\Illuminate\\Container\\Util.php(41): Illuminate\\Container\\BoundMethod::Illuminate\\Container\\{closure}()
#11 D:\\SmartFinanceDashboard\\vendor\\laravel\\framework\\src\\Illuminate\\Container\\BoundMethod.php(81): Illuminate\\Container\\Util::unwrapIfClosure(Object(Closure))
#12 D:\\SmartFinanceDashboard\\vendor\\laravel\\framework\\src\\Illuminate\\Container\\BoundMethod.php(35): Illuminate\\Container\\BoundMethod::callBoundMethod(Object(Illuminate\\Foundation\\Application), Object(Closure), Object(Closure))
#13 D:\\SmartFinanceDashboard\\vendor\\laravel\\framework\\src\\Illuminate\\Container\\Container.php(661): Illuminate\\Container\\BoundMethod::call(Object(Illuminate\\Foundation\\Application), Object(Closure), Array, NULL)
#14 D:\\SmartFinanceDashboard\\vendor\\laravel\\framework\\src\\Illuminate\\Support\\ServiceProvider.php(103): Illuminate\\Container\\Container->call(Object(Closure))
#15 D:\\SmartFinanceDashboard\\vendor\\laravel\\framework\\src\\Illuminate\\Foundation\\Application.php(951): Illuminate\\Support\\ServiceProvider->callBootingCallbacks()
#16 D:\\SmartFinanceDashboard\\vendor\\laravel\\framework\\src\\Illuminate\\Foundation\\Application.php(935): Illuminate\\Foundation\\Application->bootProvider(Object(App\\Providers\\EventServiceProvider))
#17 [internal function]: Illuminate\\Foundation\\Application->Illuminate\\Foundation\\{closure}(Object(App\\Providers\\EventServiceProvider), 13)
#18 D:\\SmartFinanceDashboard\\vendor\\laravel\\framework\\src\\Illuminate\\Foundation\\Application.php(934): array_walk(Array, Object(Closure))
#19 D:\\SmartFinanceDashboard\\vendor\\laravel\\framework\\src\\Illuminate\\Foundation\\Bootstrap\\BootProviders.php(17): Illuminate\\Foundation\\Application->boot()
#20 D:\\SmartFinanceDashboard\\vendor\\laravel\\framework\\src\\Illuminate\\Foundation\\Application.php(265): Illuminate\\Foundation\\Bootstrap\\BootProviders->bootstrap(Object(Illuminate\\Foundation\\Application))
#21 D:\\SmartFinanceDashboard\\vendor\\laravel\\framework\\src\\Illuminate\\Foundation\\Console\\Kernel.php(383): Illuminate\\Foundation\\Application->bootstrapWith(Array)
#22 D:\\SmartFinanceDashboard\\vendor\\laravel\\framework\\src\\Illuminate\\Foundation\\Console\\Kernel.php(153): Illuminate\\Foundation\\Console\\Kernel->bootstrap()
#23 D:\\SmartFinanceDashboard\\artisan(35): Illuminate\\Foundation\\Console\\Kernel->handle(Object(Symfony\\Component\\Console\\Input\\ArgvInput), Object(Symfony\\Component\\Console\\Output\\ConsoleOutput))
#24 {main}
"} 
